{"uuid":"fcd88417-31d8-4ded-9e49-2807506d5f37","name":"testcase.com.bankguru.user.Level_21_Fake_Data_Test","children":["07d6721f-2ce3-425b-90da-08a986bab886","a17a8068-4e61-4d48-8f69-6a8ce6920a10","9756afa2-cf3f-486a-88ff-145dee881ebe","76469508-87f1-4b1d-88e2-3c66faac287c","8d53c6c1-a1e9-4196-b1e3-da0780f0a2f9"],"befores":[{"name":"beforeClass","status":"broken","statusDetails":{"known":false,"muted":false,"flaky":false,"message":"session not created: This version of ChromeDriver only supports Chrome version 105\nCurrent browser version is 107.0.5304.62 with binary path C:\\Program Files\\Google\\Chrome\\Application\\chrome.exe\nBuild info: version: '3.141.59', revision: 'e82be7d358', time: '2018-11-14T08:17:03'\nSystem info: host: 'HOAVD9X', ip: '169.254.165.101', os.name: 'Windows 10', os.arch: 'amd64', os.version: '10.0', java.version: '11.0.15.1'\nDriver info: driver.version: ChromeDriver\nremote stacktrace: Backtrace:\n\tOrdinal0 [0x0029DF13+2219795]\n\tOrdinal0 [0x00232841+1779777]\n\tOrdinal0 [0x0014423D+803389]\n\tOrdinal0 [0x001664AC+943276]\n\tOrdinal0 [0x001619F0+924144]\n\tOrdinal0 [0x0015F179+913785]\n\tOrdinal0 [0x001936B9+1128121]\n\tOrdinal0 [0x0019331A+1127194]\n\tOrdinal0 [0x0018E616+1107478]\n\tOrdinal0 [0x00167F89+950153]\n\tOrdinal0 [0x00168F56+954198]\n\tGetHandleVerifier [0x00592CB2+3040210]\n\tGetHandleVerifier [0x00582BB4+2974420]\n\tGetHandleVerifier [0x00336A0A+565546]\n\tGetHandleVerifier [0x00335680+560544]\n\tOrdinal0 [0x00239A5C+1808988]\n\tOrdinal0 [0x0023E3A8+1827752]\n\tOrdinal0 [0x0023E495+1827989]\n\tOrdinal0 [0x002480A4+1867940]\n\tBaseThreadInitThunk [0x7739FA29+25]\n\tRtlGetAppContainerNamedObjectPath [0x77A57BBE+286]\n\tRtlGetAppContainerNamedObjectPath [0x77A57B8E+238]\n\t(No symbol) [0x00000000]\n","trace":"org.openqa.selenium.SessionNotCreatedException: session not created: This version of ChromeDriver only supports Chrome version 105\nCurrent browser version is 107.0.5304.62 with binary path C:\\Program Files\\Google\\Chrome\\Application\\chrome.exe\nBuild info: version: '3.141.59', revision: 'e82be7d358', time: '2018-11-14T08:17:03'\nSystem info: host: 'HOAVD9X', ip: '169.254.165.101', os.name: 'Windows 10', os.arch: 'amd64', os.version: '10.0', java.version: '11.0.15.1'\nDriver info: driver.version: ChromeDriver\nremote stacktrace: Backtrace:\n\tOrdinal0 [0x0029DF13+2219795]\n\tOrdinal0 [0x00232841+1779777]\n\tOrdinal0 [0x0014423D+803389]\n\tOrdinal0 [0x001664AC+943276]\n\tOrdinal0 [0x001619F0+924144]\n\tOrdinal0 [0x0015F179+913785]\n\tOrdinal0 [0x001936B9+1128121]\n\tOrdinal0 [0x0019331A+1127194]\n\tOrdinal0 [0x0018E616+1107478]\n\tOrdinal0 [0x00167F89+950153]\n\tOrdinal0 [0x00168F56+954198]\n\tGetHandleVerifier [0x00592CB2+3040210]\n\tGetHandleVerifier [0x00582BB4+2974420]\n\tGetHandleVerifier [0x00336A0A+565546]\n\tGetHandleVerifier [0x00335680+560544]\n\tOrdinal0 [0x00239A5C+1808988]\n\tOrdinal0 [0x0023E3A8+1827752]\n\tOrdinal0 [0x0023E495+1827989]\n\tOrdinal0 [0x002480A4+1867940]\n\tBaseThreadInitThunk [0x7739FA29+25]\n\tRtlGetAppContainerNamedObjectPath [0x77A57BBE+286]\n\tRtlGetAppContainerNamedObjectPath [0x77A57B8E+238]\n\t(No symbol) [0x00000000]\n\r\n\tat java.base/jdk.internal.reflect.NativeConstructorAccessorImpl.newInstance0(Native Method)\r\n\tat java.base/jdk.internal.reflect.NativeConstructorAccessorImpl.newInstance(NativeConstructorAccessorImpl.java:62)\r\n\tat java.base/jdk.internal.reflect.DelegatingConstructorAccessorImpl.newInstance(DelegatingConstructorAccessorImpl.java:45)\r\n\tat java.base/java.lang.reflect.Constructor.newInstance(Constructor.java:490)\r\n\tat org.openqa.selenium.remote.W3CHandshakeResponse.lambda$errorHandler$0(W3CHandshakeResponse.java:62)\r\n\tat org.openqa.selenium.remote.HandshakeResponse.lambda$getResponseFunction$0(HandshakeResponse.java:30)\r\n\tat org.openqa.selenium.remote.ProtocolHandshake.lambda$createSession$0(ProtocolHandshake.java:126)\r\n\tat java.base/java.util.stream.ReferencePipeline$3$1.accept(ReferencePipeline.java:195)\r\n\tat java.base/java.util.Spliterators$ArraySpliterator.tryAdvance(Spliterators.java:958)\r\n\tat java.base/java.util.stream.ReferencePipeline.forEachWithCancel(ReferencePipeline.java:127)\r\n\tat java.base/java.util.stream.AbstractPipeline.copyIntoWithCancel(AbstractPipeline.java:502)\r\n\tat java.base/java.util.stream.AbstractPipeline.copyInto(AbstractPipeline.java:488)\r\n\tat java.base/java.util.stream.AbstractPipeline.wrapAndCopyInto(AbstractPipeline.java:474)\r\n\tat java.base/java.util.stream.FindOps$FindOp.evaluateSequential(FindOps.java:150)\r\n\tat java.base/java.util.stream.AbstractPipeline.evaluate(AbstractPipeline.java:234)\r\n\tat java.base/java.util.stream.ReferencePipeline.findFirst(ReferencePipeline.java:543)\r\n\tat org.openqa.selenium.remote.ProtocolHandshake.createSession(ProtocolHandshake.java:128)\r\n\tat org.openqa.selenium.remote.ProtocolHandshake.createSession(ProtocolHandshake.java:74)\r\n\tat org.openqa.selenium.remote.HttpCommandExecutor.execute(HttpCommandExecutor.java:136)\r\n\tat org.openqa.selenium.remote.service.DriverCommandExecutor.execute(DriverCommandExecutor.java:83)\r\n\tat org.openqa.selenium.remote.RemoteWebDriver.execute(RemoteWebDriver.java:552)\r\n\tat org.openqa.selenium.remote.RemoteWebDriver.startSession(RemoteWebDriver.java:213)\r\n\tat org.openqa.selenium.remote.RemoteWebDriver.<init>(RemoteWebDriver.java:131)\r\n\tat org.openqa.selenium.chrome.ChromeDriver.<init>(ChromeDriver.java:181)\r\n\tat org.openqa.selenium.chrome.ChromeDriver.<init>(ChromeDriver.java:168)\r\n\tat org.openqa.selenium.chrome.ChromeDriver.<init>(ChromeDriver.java:123)\r\n\tat actions.commons.AbstractTest.getBrowserDriver(AbstractTest.java:100)\r\n\tat testcase.com.bankguru.user.Level_21_Fake_Data_Test.beforeClass(Level_21_Fake_Data_Test.java:31)\r\n\tat java.base/jdk.internal.reflect.NativeMethodAccessorImpl.invoke0(Native Method)\r\n\tat java.base/jdk.internal.reflect.NativeMethodAccessorImpl.invoke(NativeMethodAccessorImpl.java:62)\r\n\tat java.base/jdk.internal.reflect.DelegatingMethodAccessorImpl.invoke(DelegatingMethodAccessorImpl.java:43)\r\n\tat java.base/java.lang.reflect.Method.invoke(Method.java:566)\r\n\tat org.testng.internal.MethodInvocationHelper.invokeMethod(MethodInvocationHelper.java:133)\r\n\tat org.testng.internal.MethodInvocationHelper.invokeMethodConsideringTimeout(MethodInvocationHelper.java:62)\r\n\tat org.testng.internal.ConfigInvoker.invokeConfigurationMethod(ConfigInvoker.java:385)\r\n\tat org.testng.internal.ConfigInvoker.invokeConfigurations(ConfigInvoker.java:321)\r\n\tat org.testng.internal.TestMethodWorker.invokeBeforeClassMethods(TestMethodWorker.java:176)\r\n\tat org.testng.internal.TestMethodWorker.run(TestMethodWorker.java:122)\r\n\tat java.base/java.util.ArrayList.forEach(ArrayList.java:1541)\r\n\tat org.testng.TestRunner.privateRun(TestRunner.java:794)\r\n\tat org.testng.TestRunner.run(TestRunner.java:596)\r\n\tat org.testng.SuiteRunner.runTest(SuiteRunner.java:377)\r\n\tat org.testng.SuiteRunner.access$000(SuiteRunner.java:28)\r\n\tat org.testng.SuiteRunner$SuiteWorker.run(SuiteRunner.java:418)\r\n\tat org.testng.internal.thread.ThreadUtil.lambda$execute$0(ThreadUtil.java:64)\r\n\tat java.base/java.util.concurrent.FutureTask.run(FutureTask.java:264)\r\n\tat java.base/java.util.concurrent.ThreadPoolExecutor.runWorker(ThreadPoolExecutor.java:1128)\r\n\tat java.base/java.util.concurrent.ThreadPoolExecutor$Worker.run(ThreadPoolExecutor.java:628)\r\n\tat java.base/java.lang.Thread.run(Thread.java:834)\r\n"},"stage":"finished","description":"","steps":[],"attachments":[],"parameters":[],"start":1666923495285,"stop":1666923497103}],"afters":[{"name":"afterClass","status":"broken","statusDetails":{"known":false,"muted":false,"flaky":false,"message":"Empty command","trace":"java.lang.IllegalArgumentException: Empty command\r\n\tat java.base/java.lang.Runtime.exec(Runtime.java:407)\r\n\tat java.base/java.lang.Runtime.exec(Runtime.java:310)\r\n\tat actions.commons.AbstractTest.removeBroserDriver(AbstractTest.java:190)\r\n\tat testcase.com.bankguru.user.Level_21_Fake_Data_Test.afterClass(Level_21_Fake_Data_Test.java:115)\r\n\tat java.base/jdk.internal.reflect.NativeMethodAccessorImpl.invoke0(Native Method)\r\n\tat java.base/jdk.internal.reflect.NativeMethodAccessorImpl.invoke(NativeMethodAccessorImpl.java:62)\r\n\tat java.base/jdk.internal.reflect.DelegatingMethodAccessorImpl.invoke(DelegatingMethodAccessorImpl.java:43)\r\n\tat java.base/java.lang.reflect.Method.invoke(Method.java:566)\r\n\tat org.testng.internal.MethodInvocationHelper.invokeMethod(MethodInvocationHelper.java:133)\r\n\tat org.testng.internal.MethodInvocationHelper.invokeMethodConsideringTimeout(MethodInvocationHelper.java:62)\r\n\tat org.testng.internal.ConfigInvoker.invokeConfigurationMethod(ConfigInvoker.java:385)\r\n\tat org.testng.internal.ConfigInvoker.invokeConfigurations(ConfigInvoker.java:321)\r\n\tat org.testng.internal.TestMethodWorker.invokeAfterClassMethods(TestMethodWorker.java:217)\r\n\tat org.testng.internal.TestMethodWorker.run(TestMethodWorker.java:130)\r\n\tat java.base/java.util.ArrayList.forEach(ArrayList.java:1541)\r\n\tat org.testng.TestRunner.privateRun(TestRunner.java:794)\r\n\tat org.testng.TestRunner.run(TestRunner.java:596)\r\n\tat org.testng.SuiteRunner.runTest(SuiteRunner.java:377)\r\n\tat org.testng.SuiteRunner.access$000(SuiteRunner.java:28)\r\n\tat org.testng.SuiteRunner$SuiteWorker.run(SuiteRunner.java:418)\r\n\tat org.testng.internal.thread.ThreadUtil.lambda$execute$0(ThreadUtil.java:64)\r\n\tat java.base/java.util.concurrent.FutureTask.run(FutureTask.java:264)\r\n\tat java.base/java.util.concurrent.ThreadPoolExecutor.runWorker(ThreadPoolExecutor.java:1128)\r\n\tat java.base/java.util.concurrent.ThreadPoolExecutor$Worker.run(ThreadPoolExecutor.java:628)\r\n\tat java.base/java.lang.Thread.run(Thread.java:834)\r\n"},"stage":"finished","description":"","steps":[],"attachments":[],"parameters":[],"start":1666923497235,"stop":1666923497235}],"start":1666923495247,"stop":1666923497259}